c:\users\marcc\documents\github\aa2_pathfinding_ia\aa3\sdl_pathfinding\sdl_pathfinding\debug\vc143.pdb
c:\users\marcc\documents\github\aa2_pathfinding_ia\aa3\sdl_pathfinding\sdl_pathfinding\debug\vc143.idb
c:\users\marcc\documents\github\aa2_pathfinding_ia\aa3\sdl_pathfinding\sdl_pathfinding\debug\utils.obj
c:\users\marcc\documents\github\aa2_pathfinding_ia\aa3\sdl_pathfinding\sdl_pathfinding\debug\seek.obj
c:\users\marcc\documents\github\aa2_pathfinding_ia\aa3\sdl_pathfinding\sdl_pathfinding\debug\sdl_simpleapp.obj
c:\users\marcc\documents\github\aa2_pathfinding_ia\aa3\sdl_pathfinding\sdl_pathfinding\debug\scenepathfindingmouse.obj
c:\users\marcc\documents\github\aa2_pathfinding_ia\aa3\sdl_pathfinding\sdl_pathfinding\debug\pathfollowing.obj
c:\users\marcc\documents\github\aa2_pathfinding_ia\aa3\sdl_pathfinding\sdl_pathfinding\debug\node.obj
c:\users\marcc\documents\github\aa2_pathfinding_ia\aa3\sdl_pathfinding\sdl_pathfinding\debug\main.obj
c:\users\marcc\documents\github\aa2_pathfinding_ia\aa3\sdl_pathfinding\sdl_pathfinding\debug\grid.obj
c:\users\marcc\documents\github\aa2_pathfinding_ia\aa3\sdl_pathfinding\sdl_pathfinding\debug\graph.obj
c:\users\marcc\documents\github\aa2_pathfinding_ia\aa3\sdl_pathfinding\sdl_pathfinding\debug\agent.obj
c:\users\marcc\documents\github\aa2_pathfinding_ia\aa3\bin\sdl_pathfinding.exe
c:\users\marcc\documents\github\aa2_pathfinding_ia\aa3\sdl_pathfinding\sdl_pathfinding\debug\sdl_pathfinding.ilk
c:\users\marcc\documents\github\aa2_pathfinding_ia\aa3\bin\sdl_pathfinding.pdb
c:\users\marcc\documents\github\aa2_pathfinding_ia\aa3\\bin\sdl_pathfinding.pdb
c:\users\marcc\documents\github\aa2_pathfinding_ia\aa3\sdl_pathfinding\sdl_pathfinding\debug\sdl_pathfinding.tlog\cl.command.1.tlog
c:\users\marcc\documents\github\aa2_pathfinding_ia\aa3\sdl_pathfinding\sdl_pathfinding\debug\sdl_pathfinding.tlog\cl.items.tlog
c:\users\marcc\documents\github\aa2_pathfinding_ia\aa3\sdl_pathfinding\sdl_pathfinding\debug\sdl_pathfinding.tlog\cl.read.1.tlog
c:\users\marcc\documents\github\aa2_pathfinding_ia\aa3\sdl_pathfinding\sdl_pathfinding\debug\sdl_pathfinding.tlog\cl.write.1.tlog
c:\users\marcc\documents\github\aa2_pathfinding_ia\aa3\sdl_pathfinding\sdl_pathfinding\debug\sdl_pathfinding.tlog\link.command.1.tlog
c:\users\marcc\documents\github\aa2_pathfinding_ia\aa3\sdl_pathfinding\sdl_pathfinding\debug\sdl_pathfinding.tlog\link.read.1.tlog
c:\users\marcc\documents\github\aa2_pathfinding_ia\aa3\sdl_pathfinding\sdl_pathfinding\debug\sdl_pathfinding.tlog\link.write.1.tlog
